<?xml version="1.0" encoding="UTF-8"?>
<!-- Generated by org.testng.reporters.JUnitReportReporter -->
<testsuite hostname="DESKTOP-N3LRL61" failures="0" tests="37" name="Com.QA.LoginTest.SwagLabsPagesTest" time="1.991" errors="0" timestamp="2023-10-14T10:25:56 IST" skipped="0">
  <testcase classname="Com.QA.LoginTest.SwagLabsPagesTest" name="LoginpageTitleTest" time="0.042"/>
  <system-out/>
  <testcase classname="Com.QA.LoginTest.SwagLabsPagesTest" name="LoginpageUrlTest" time="0.005"/>
  <system-out/>
  <testcase classname="Com.QA.LoginTest.SwagLabsPagesTest" name="verifyLoginLogoTest" time="0.043"/>
  <system-out/>
  <testcase classname="Com.QA.LoginTest.SwagLabsPagesTest" name="verifyAcceptedUsernamePasswordTest" time="0.046"/>
  <system-out/>
  <testcase classname="Com.QA.LoginTest.SwagLabsPagesTest" name="performLoginAction" time="0.477"/>
  <system-out/>
  <testcase classname="Com.QA.LoginTest.SwagLabsPagesTest" name="verifyProductPageTitleTest" time="0.014"/>
  <system-out/>
  <testcase classname="Com.QA.LoginTest.SwagLabsPagesTest" name="verifyProductPageUrlTest" time="0.002"/>
  <system-out/>
  <testcase classname="Com.QA.LoginTest.SwagLabsPagesTest" name="verifyProductPageLogoTest" time="0.040"/>
  <system-out/>
  <testcase classname="Com.QA.LoginTest.SwagLabsPagesTest" name="verifyProductFilterTest" time="0.020"/>
  <system-out/>
  <testcase classname="Com.QA.LoginTest.SwagLabsPagesTest" name="verifyProductFooterLinkTest" time="0.014"/>
  <system-out/>
  <testcase classname="Com.QA.LoginTest.SwagLabsPagesTest" name="verifyProductLinkTest" time="0.029"/>
  <system-out/>
  <testcase classname="Com.QA.LoginTest.SwagLabsPagesTest" name="verifyClickonProductLinkTest" time="0.130"/>
  <system-out/>
  <testcase classname="Com.QA.LoginTest.SwagLabsPagesTest" name="verifysecondProductPageTitleTest" time="0.008"/>
  <system-out/>
  <testcase classname="Com.QA.LoginTest.SwagLabsPagesTest" name="verifysecondProductPageUrlTest" time="0.015"/>
  <system-out/>
  <testcase classname="Com.QA.LoginTest.SwagLabsPagesTest" name="verifyProductPriceTest" time="0.022"/>
  <system-out/>
  <testcase classname="Com.QA.LoginTest.SwagLabsPagesTest" name="ClickOncontinueShoppingButtonTest" time="0.190"/>
  <system-out/>
  <testcase classname="Com.QA.LoginTest.SwagLabsPagesTest" name="VerifyProductinCartButton" time="0.014"/>
  <system-out/>
  <testcase classname="Com.QA.LoginTest.SwagLabsPagesTest" name="clickOnCheckoutButton" time="0.103"/>
  <system-out/>
  <testcase classname="Com.QA.LoginTest.SwagLabsPagesTest" name="AddressPageTitleTest" time="0.009"/>
  <system-out/>
  <testcase classname="Com.QA.LoginTest.SwagLabsPagesTest" name="AddressPageUrlTest" time="0.013"/>
  <system-out/>
  <testcase classname="Com.QA.LoginTest.SwagLabsPagesTest" name="AddressPageLogoTest" time="0.027"/>
  <system-out/>
  <testcase classname="Com.QA.LoginTest.SwagLabsPagesTest" name="AddressPageHeaderTest" time="0.023"/>
  <system-out/>
  <testcase classname="Com.QA.LoginTest.SwagLabsPagesTest" name="AddressPageFooterLinkTest" time="0.017"/>
  <system-out/>
  <testcase classname="Com.QA.LoginTest.SwagLabsPagesTest" name="AddressPageDataTest" time="0.254"/>
  <system-out/>
  <testcase classname="Com.QA.LoginTest.SwagLabsPagesTest" name="PaymentPageLogoTest" time="0.032"/>
  <system-out/>
  <testcase classname="Com.QA.LoginTest.SwagLabsPagesTest" name="PaymentPageHeaderTest" time="0.034"/>
  <system-out/>
  <testcase classname="Com.QA.LoginTest.SwagLabsPagesTest" name="PaymentPageFooterLinkTest" time="0.012"/>
  <system-out/>
  <testcase classname="Com.QA.LoginTest.SwagLabsPagesTest" name="PaymentInformationTextTest" time="0.033"/>
  <system-out/>
  <testcase classname="Com.QA.LoginTest.SwagLabsPagesTest" name="ShippingInformationTextTest" time="0.028"/>
  <system-out/>
  <testcase classname="Com.QA.LoginTest.SwagLabsPagesTest" name="VerifyFInalOrderPriceTest" time="0.175"/>
  <system-out/>
  <testcase classname="Com.QA.LoginTest.SwagLabsPagesTest" name="ConfirmOrderPageTitleTest" time="0.017"/>
  <system-out/>
  <testcase classname="Com.QA.LoginTest.SwagLabsPagesTest" name="ConfirmOrderPageUrlTest" time="0.002"/>
  <system-out/>
  <testcase classname="Com.QA.LoginTest.SwagLabsPagesTest" name="ConfirmOrderPageLogoTest" time="0.016"/>
  <system-out/>
  <testcase classname="Com.QA.LoginTest.SwagLabsPagesTest" name="ConfirmOrderPageHeaderTest" time="0.009"/>
  <system-out/>
  <testcase classname="Com.QA.LoginTest.SwagLabsPagesTest" name="ConfirmOrderPageFooterLinkTest" time="0.017"/>
  <system-out/>
  <testcase classname="Com.QA.LoginTest.SwagLabsPagesTest" name="ConfirmOrderMessageTest" time="0.025"/>
  <system-out/>
  <testcase classname="Com.QA.LoginTest.SwagLabsPagesTest" name="ConfirmOrderDeliveryMessageTest" time="0.034"/>
  <system-out/>
</testsuite> <!-- Com.QA.LoginTest.SwagLabsPagesTest -->
