<?xml version="1.0" encoding="UTF-8"?>
<!-- Generated by org.testng.reporters.JUnitReportReporter -->
<testsuite hostname="DESKTOP-N3LRL61" failures="0" tests="5" name="Com.QA.LoginTest.LoginPageTest" time="0.302" errors="0" timestamp="2023-10-13T13:54:24 IST" skipped="0">
  <testcase classname="Com.QA.LoginTest.LoginPageTest" name="LoginpageTitleTest" time="0.017"/>
  <system-out/>
  <testcase classname="Com.QA.LoginTest.LoginPageTest" name="LoginpageUrlTest" time="0.003"/>
  <system-out/>
  <testcase classname="Com.QA.LoginTest.LoginPageTest" name="verifyLoginLogoTest" time="0.039"/>
  <system-out/>
  <testcase classname="Com.QA.LoginTest.LoginPageTest" name="verifyAcceptedUsernamePasswordTest" time="0.020"/>
  <system-out/>
  <testcase classname="Com.QA.LoginTest.LoginPageTest" name="performLoginAction" time="0.223"/>
  <system-out/>
</testsuite> <!-- Com.QA.LoginTest.LoginPageTest -->
